生成启动时间为 2015/6/14 22:33:51。
     1>项目“C:\CPPProject\_QTExample\code\CH13\CH1301\QSQLiteEx\QSQLiteEx.vcxproj”在节点 6 上(Build 个目标)。
     1>ClCompile:
         C:\Program Files (x86)\Microsoft Visual Studio 12.0\VC\bin\x86_amd64\CL.exe /c /I. /IC:\qt\qt5.4.1\5.4\msvc2013_64_opengl\include /IC:\qt\qt5.4.1\5.4\msvc2013_64_opengl\include\QtSql /IC:\qt\qt5.4.1\5.4\msvc2013_64_opengl\include\QtCore /Idebug /I"C:\qt\qt5.4.1\5.4\msvc2013_64_opengl\mkspecs\win32-msvc2013" /Zi /nologo /W3 /WX- /Od /D _CONSOLE /D UNICODE /D WIN32 /D WIN64 /D QT_SQL_LIB /D QT_CORE_LIB /Gm- /EHsc /MDd /GS /fp:precise /Zc:wchar_t /Zc:forScope /GR /Fo"x64\Debug\\" /Fd"x64\Debug\vc120.pdb" /Gd /TP /errorReport:prompt -Zm200 -w34100 -w34189 main.cpp
         main.cpp
     1>main.cpp : warning C4819: 该文件包含不能在当前代码页(936)中表示的字符。请将该文件保存为 Unicode 格式以防止数据丢失
     1>main.cpp(33): error C2001: 常量中有换行符
     1>main.cpp(33): error C2146: 语法错误: 缺少“)”(在标识符“QTime”的前面)
     1>main.cpp(37): error C2065: “t”: 未声明的标识符
     1>main.cpp(37): error C2228: “.start”的左边必须有类/结构/联合
                 类型是“unknown-type”
     1>main.cpp(61): error C2065: “t”: 未声明的标识符
     1>main.cpp(61): error C2228: “.elapsed”的左边必须有类/结构/联合
                 类型是“unknown-type”
     1>main.cpp(64): error C2065: “t”: 未声明的标识符
     1>main.cpp(64): error C2228: “.restart”的左边必须有类/结构/联合
                 类型是“unknown-type”
     1>main.cpp(67): error C2065: “t”: 未声明的标识符
     1>main.cpp(67): error C2228: “.elapsed”的左边必须有类/结构/联合
                 类型是“unknown-type”
     1>main.cpp(69): error C2001: 常量中有换行符
     1>main.cpp(69): error C2146: 语法错误: 缺少“)”(在标识符“t”的前面)
     1>main.cpp(99): error C2065: “t”: 未声明的标识符
     1>main.cpp(99): error C2228: “.elapsed”的左边必须有类/结构/联合
                 类型是“unknown-type”
     1>main.cpp(102): error C2065: “t”: 未声明的标识符
     1>main.cpp(102): error C2228: “.restart”的左边必须有类/结构/联合
                 类型是“unknown-type”
     1>main.cpp(104): error C2065: “t”: 未声明的标识符
     1>main.cpp(104): error C2228: “.elapsed”的左边必须有类/结构/联合
                 类型是“unknown-type”
     1>已完成生成项目“C:\CPPProject\_QTExample\code\CH13\CH1301\QSQLiteEx\QSQLiteEx.vcxproj”(Build 个目标)的操作 - 失败。

生成失败。

已用时间 00:00:00.66
